GROUP,PACKAGE,CLASS,INSTRUCTION_MISSED,INSTRUCTION_COVERED,BRANCH_MISSED,BRANCH_COVERED,LINE_MISSED,LINE_COVERED,COMPLEXITY_MISSED,COMPLEXITY_COVERED,METHOD_MISSED,METHOD_COVERED
com.capitalone.dashboard:artifactory-artifact-collector,com.capitalone.dashboard,Application,8,0,0,0,3,0,2,0,2,0
com.capitalone.dashboard:artifactory-artifact-collector,com.capitalone.dashboard.collector,ArtifactoryCollectorTask,488,0,64,0,98,0,44,0,12,0
com.capitalone.dashboard:artifactory-artifact-collector,com.capitalone.dashboard.collector,DefaultArtifactoryClient,451,730,114,64,44,138,82,34,0,12
com.capitalone.dashboard:artifactory-artifact-collector,com.capitalone.dashboard.collector,RestOperationsSupplier,18,0,0,0,5,0,2,0,2,0
com.capitalone.dashboard:artifactory-artifact-collector,com.capitalone.dashboard.collector,ArtifactorySettings,26,19,0,0,12,7,7,6,7,6
com.capitalone.dashboard:artifactory-artifact-collector,com.capitalone.dashboard.model,ArtifactoryRepo,53,36,10,0,10,9,8,6,3,6
com.capitalone.dashboard:artifactory-artifact-collector,com.capitalone.dashboard.model,ArtifactoryCollector,34,0,0,0,10,0,3,0,3,0
