GROUP,PACKAGE,CLASS,INSTRUCTION_MISSED,INSTRUCTION_COVERED,BRANCH_MISSED,BRANCH_COVERED,LINE_MISSED,LINE_COVERED,COMPLEXITY_MISSED,COMPLEXITY_COVERED,METHOD_MISSED,METHOD_COVERED
com.capitalone.dashboard:core,com.capitalone.dashboard.config.collector,QCloudConfig,177,0,4,0,34,0,8,0,6,0
com.capitalone.dashboard:core,com.capitalone.dashboard.config.collector,CloudConfig,302,0,52,0,45,0,46,0,20,0
com.capitalone.dashboard:core,org.bson.types,QObjectId,49,101,0,0,2,12,1,3,1,3
com.capitalone.dashboard:core,com.capitalone.dashboard.config,CollectorConfig,7,0,0,0,2,0,2,0,2,0
com.capitalone.dashboard:core,com.capitalone.dashboard.config,MongoConfig,148,23,10,0,28,5,7,5,2,5
com.capitalone.dashboard:core,com.capitalone.dashboard.repository,FeatureRepositoryImpl,122,91,31,9,24,18,21,3,2,2
com.capitalone.dashboard:core,com.capitalone.dashboard.request,TestDataCreateRequest,144,0,0,0,60,0,40,0,40,0
com.capitalone.dashboard:core,com.capitalone.dashboard.request,CloudSubnetListRefreshRequest,24,0,0,0,10,0,7,0,7,0
com.capitalone.dashboard:core,com.capitalone.dashboard.request,DeployDataCreateRequest,115,0,0,0,49,0,33,0,33,0
com.capitalone.dashboard:core,com.capitalone.dashboard.request,CloudInstanceListRefreshRequest,24,0,0,0,10,0,7,0,7,0
com.capitalone.dashboard:core,com.capitalone.dashboard.request,CodeQualityCreateRequest,74,0,0,0,30,0,20,0,20,0
com.capitalone.dashboard:core,com.capitalone.dashboard.request,CloudSubnetCreateRequest,165,0,8,0,58,0,39,0,35,0
com.capitalone.dashboard:core,com.capitalone.dashboard.request,CloudVolumeListRefreshRequest,24,0,0,0,10,0,7,0,7,0
com.capitalone.dashboard:core,com.capitalone.dashboard.request,CloudInstanceCreateRequest,268,0,8,0,101,0,67,0,63,0
com.capitalone.dashboard:core,com.capitalone.dashboard.request,CloudVirtualNetworkListRefreshRequest,24,0,0,0,10,0,7,0,7,0
com.capitalone.dashboard:core,com.capitalone.dashboard.request,CommitCreateRequest,17,0,0,0,7,0,5,0,5,0
com.capitalone.dashboard:core,com.capitalone.dashboard.request,BuildDataCreateRequest,111,0,0,0,45,0,29,0,29,0
com.capitalone.dashboard:core,com.capitalone.dashboard.request,CloudVolumeCreateRequest,117,0,12,0,34,0,27,0,21,0
com.capitalone.dashboard:core,com.capitalone.dashboard.request,BinaryArtifactCreateRequest,65,0,0,0,25,0,16,0,16,0
com.capitalone.dashboard:core,com.capitalone.dashboard.collector,CollectorTask,96,113,3,5,17,31,6,8,4,6
com.capitalone.dashboard:core,com.capitalone.dashboard.util,CoreFeatureSettings,24,0,0,0,10,0,7,0,7,0
com.capitalone.dashboard:core,com.capitalone.dashboard.util,EncryptionException,3,4,0,0,2,2,1,1,1,1
com.capitalone.dashboard:core,com.capitalone.dashboard.util,UnsafeDeleteException,16,0,0,0,8,0,4,0,4,0
com.capitalone.dashboard:core,com.capitalone.dashboard.util,SuperFeatureComparator,23,0,4,0,7,0,4,0,2,0
com.capitalone.dashboard:core,com.capitalone.dashboard.util,GitBranchSpec,3,139,1,21,1,38,2,15,1,5
com.capitalone.dashboard:core,com.capitalone.dashboard.util,HygieiaUtils.new BeanUtilsBean() {...},11,0,2,0,4,0,3,0,2,0
com.capitalone.dashboard:core,com.capitalone.dashboard.util,FeatureCollectorConstants,3,0,0,0,2,0,1,0,1,0
com.capitalone.dashboard:core,com.capitalone.dashboard.util,Encryption,54,192,0,0,15,55,2,7,2,7
com.capitalone.dashboard:core,com.capitalone.dashboard.util,HygieiaUtils,215,0,30,0,60,0,21,0,6,0
com.capitalone.dashboard:core,com.capitalone.dashboard.util,PipelineUtils,26,0,2,0,7,0,3,0,2,0
com.capitalone.dashboard:core,com.capitalone.dashboard.model,QCloudInstanceHistory,140,0,4,0,27,0,8,0,6,0
com.capitalone.dashboard:core,com.capitalone.dashboard.model,PipelineCommit,30,16,2,0,12,4,6,2,5,2
com.capitalone.dashboard:core,com.capitalone.dashboard.model,Build,99,0,0,0,39,0,25,0,25,0
com.capitalone.dashboard:core,com.capitalone.dashboard.model,CloudInstance,242,0,4,0,93,0,62,0,60,0
com.capitalone.dashboard:core,com.capitalone.dashboard.model,QDashboard,107,0,6,0,20,0,9,0,6,0
com.capitalone.dashboard:core,com.capitalone.dashboard.model,EnvironmentComponent,73,0,0,0,31,0,21,0,21,0
com.capitalone.dashboard:core,com.capitalone.dashboard.model,TestCaseCondition,27,0,0,0,10,0,5,0,5,0
com.capitalone.dashboard:core,com.capitalone.dashboard.model,FeatureHistory,101,0,0,0,43,0,29,0,29,0
com.capitalone.dashboard:core,com.capitalone.dashboard.model,BinaryArtifact.new Comparator() {...},9,0,0,0,2,0,2,0,2,0
com.capitalone.dashboard:core,com.capitalone.dashboard.model,TestCaseStatus,58,0,0,0,2,0,4,0,4,0
com.capitalone.dashboard:core,com.capitalone.dashboard.model,TestCase,112,0,0,0,42,0,26,0,26,0
com.capitalone.dashboard:core,com.capitalone.dashboard.model,Scope,25,48,0,0,9,22,8,13,8,13
com.capitalone.dashboard:core,com.capitalone.dashboard.model,CollectorType,44,139,4,0,4,14,5,2,3,2
com.capitalone.dashboard:core,com.capitalone.dashboard.model,QCommit,32,104,6,2,6,19,7,3,3,3
com.capitalone.dashboard:core,com.capitalone.dashboard.model,TestCaseStep,31,0,0,0,13,0,9,0,9,0
com.capitalone.dashboard:core,com.capitalone.dashboard.model,FeatureStatus,104,0,0,0,8,0,6,0,6,0
com.capitalone.dashboard:core,com.capitalone.dashboard.model,QBaseModel,31,34,5,1,6,7,6,3,3,3
com.capitalone.dashboard:core,com.capitalone.dashboard.model,QCollectorItem,129,0,8,0,22,0,10,0,6,0
com.capitalone.dashboard:core,com.capitalone.dashboard.model,BinaryArtifact,169,0,0,0,49,0,33,0,33,0
com.capitalone.dashboard:core,com.capitalone.dashboard.model,CloudVolumeStorage,117,0,12,0,34,0,27,0,21,0
com.capitalone.dashboard:core,com.capitalone.dashboard.model,QService,118,0,6,0,22,0,9,0,6,0
com.capitalone.dashboard:core,com.capitalone.dashboard.model,QBuild,31,113,5,1,6,20,6,3,3,3
com.capitalone.dashboard:core,com.capitalone.dashboard.model,EnvironmentStage,7,3,0,0,3,1,2,1,2,1
com.capitalone.dashboard:core,com.capitalone.dashboard.model,TestSuiteType,113,0,4,0,6,0,7,0,5,0
com.capitalone.dashboard:core,com.capitalone.dashboard.model,ScopeOwnerCollectorItem,59,50,10,0,9,14,9,9,4,9
com.capitalone.dashboard:core,com.capitalone.dashboard.model,NameValue,71,0,8,0,20,0,12,0,8,0
com.capitalone.dashboard:core,com.capitalone.dashboard.model,CodeQualityMetric,69,0,6,0,24,0,17,0,14,0
com.capitalone.dashboard:core,com.capitalone.dashboard.model,RepoBranch,122,0,10,0,30,0,16,0,11,0
com.capitalone.dashboard:core,com.capitalone.dashboard.model,Widget,41,18,6,0,11,6,9,4,6,4
com.capitalone.dashboard:core,com.capitalone.dashboard.model,NameValueCount,23,0,0,0,10,0,5,0,5,0
com.capitalone.dashboard:core,com.capitalone.dashboard.model,QRequestLog,130,0,4,0,26,0,8,0,6,0
com.capitalone.dashboard:core,com.capitalone.dashboard.model,Authentication,34,39,0,2,7,9,5,5,5,4
com.capitalone.dashboard:core,com.capitalone.dashboard.model,QJobCollectorItem,119,0,4,0,25,0,8,0,6,0
com.capitalone.dashboard:core,com.capitalone.dashboard.model,TestResult,130,0,0,0,54,0,36,0,36,0
com.capitalone.dashboard:core,com.capitalone.dashboard.model,CommitType,44,39,4,0,4,4,5,2,3,2
com.capitalone.dashboard:core,com.capitalone.dashboard.model,QScopeOwner,143,0,6,0,28,0,9,0,6,0
com.capitalone.dashboard:core,com.capitalone.dashboard.model,QCodeQualityMetric,105,0,0,0,12,0,4,0,4,0
com.capitalone.dashboard:core,com.capitalone.dashboard.model,TestSuite,95,0,0,0,39,0,26,0,26,0
com.capitalone.dashboard:core,com.capitalone.dashboard.model,BaseModel,0,10,0,0,0,4,0,3,0,3
com.capitalone.dashboard:core,com.capitalone.dashboard.model,Commit,14,10,0,0,6,4,4,3,4,3
com.capitalone.dashboard:core,com.capitalone.dashboard.model,CodeQualityMetricStatus,48,0,0,0,2,0,4,0,4,0
com.capitalone.dashboard:core,com.capitalone.dashboard.model,CollectorItem,27,33,0,0,11,13,8,8,8,8
com.capitalone.dashboard:core,com.capitalone.dashboard.model,Feature,159,201,0,0,57,97,51,52,51,52
com.capitalone.dashboard:core,com.capitalone.dashboard.model,ArtifactIdentifier,237,0,46,0,54,0,32,0,9,0
com.capitalone.dashboard:core,com.capitalone.dashboard.model,QEnvironmentStage,79,0,6,0,15,0,9,0,6,0
com.capitalone.dashboard:core,com.capitalone.dashboard.model,TestCapability,113,0,0,0,47,0,31,0,31,0
com.capitalone.dashboard:core,com.capitalone.dashboard.model,QTestResult,32,153,6,2,6,26,7,3,3,3
com.capitalone.dashboard:core,com.capitalone.dashboard.model,Component,82,48,9,1,18,12,11,5,6,5
com.capitalone.dashboard:core,com.capitalone.dashboard.model,CodeQuality,60,0,0,0,24,0,16,0,16,0
com.capitalone.dashboard:core,com.capitalone.dashboard.model,QAuthentication,79,0,4,0,17,0,8,0,6,0
com.capitalone.dashboard:core,com.capitalone.dashboard.model,SCM,76,59,0,0,31,20,14,7,14,7
com.capitalone.dashboard:core,com.capitalone.dashboard.model,RepoBranch.RepoType,87,0,6,0,9,0,8,0,5,0
com.capitalone.dashboard:core,com.capitalone.dashboard.model,Pipeline,50,39,3,1,17,8,9,3,7,3
com.capitalone.dashboard:core,com.capitalone.dashboard.model,SprintEstimate,31,0,0,0,13,0,9,0,9,0
com.capitalone.dashboard:core,com.capitalone.dashboard.model,Service,60,0,0,0,24,0,16,0,16,0
com.capitalone.dashboard:core,com.capitalone.dashboard.model,JobCollectorItem,42,0,0,0,10,0,7,0,7,0
com.capitalone.dashboard:core,com.capitalone.dashboard.model,TestCaseConditionResult,17,0,0,0,7,0,5,0,5,0
com.capitalone.dashboard:core,com.capitalone.dashboard.model,QNameValue,54,0,0,0,9,0,4,0,4,0
com.capitalone.dashboard:core,com.capitalone.dashboard.model,EnvironmentStatus,52,0,0,0,22,0,15,0,15,0
com.capitalone.dashboard:core,com.capitalone.dashboard.model,QEnvironmentComponent,125,0,6,0,24,0,9,0,6,0
com.capitalone.dashboard:core,com.capitalone.dashboard.model,Collector,9,38,0,0,4,17,1,11,1,11
com.capitalone.dashboard:core,com.capitalone.dashboard.model,QCloudVirtualNetwork,31,92,5,1,6,17,6,3,3,3
com.capitalone.dashboard:core,com.capitalone.dashboard.model,QBinaryArtifact,169,0,8,0,30,0,10,0,6,0
com.capitalone.dashboard:core,com.capitalone.dashboard.model,QEnvironmentStatus,108,0,6,0,21,0,9,0,6,0
com.capitalone.dashboard:core,com.capitalone.dashboard.model,Stage,21,11,0,0,7,4,3,2,3,2
com.capitalone.dashboard:core,com.capitalone.dashboard.model,CloudInstanceHistory,149,0,10,0,48,0,34,0,29,0
com.capitalone.dashboard:core,com.capitalone.dashboard.model,QStage,48,0,0,0,8,0,4,0,4,0
com.capitalone.dashboard:core,com.capitalone.dashboard.model,ServiceStatus,83,0,4,0,6,0,7,0,5,0
com.capitalone.dashboard:core,com.capitalone.dashboard.model,QComponent,82,0,4,0,17,0,8,0,6,0
com.capitalone.dashboard:core,com.capitalone.dashboard.model,ScopeOwner,45,0,0,0,19,0,13,0,13,0
com.capitalone.dashboard:core,com.capitalone.dashboard.model,QApplication,93,0,0,0,11,0,4,0,4,0
com.capitalone.dashboard:core,com.capitalone.dashboard.model,QCollector,24,67,4,0,4,15,4,4,2,4
com.capitalone.dashboard:core,com.capitalone.dashboard.model,Application,21,33,0,0,9,10,6,4,6,4
com.capitalone.dashboard:core,com.capitalone.dashboard.model,QScopeOwnerCollectorItem,129,0,4,0,27,0,8,0,6,0
com.capitalone.dashboard:core,com.capitalone.dashboard.model,QRepoBranch,87,0,0,0,11,0,4,0,4,0
com.capitalone.dashboard:core,com.capitalone.dashboard.model,QTestCapability,291,0,0,0,22,0,4,0,4,0
com.capitalone.dashboard:core,com.capitalone.dashboard.model,RequestLog,119,0,0,0,38,0,26,0,26,0
com.capitalone.dashboard:core,com.capitalone.dashboard.model,BuildStatus,113,0,4,0,11,0,7,0,5,0
com.capitalone.dashboard:core,com.capitalone.dashboard.model,DashboardType,40,33,4,0,4,3,4,3,2,3
com.capitalone.dashboard:core,com.capitalone.dashboard.model,QFeature,31,319,5,1,6,59,6,3,3,3
com.capitalone.dashboard:core,com.capitalone.dashboard.model,QWidget,92,0,8,0,16,0,10,0,6,0
com.capitalone.dashboard:core,com.capitalone.dashboard.model,QPipeline,31,63,5,1,6,11,6,3,3,3
com.capitalone.dashboard:core,com.capitalone.dashboard.model,Dashboard,29,119,1,9,12,27,9,10,8,6
com.capitalone.dashboard:core,com.capitalone.dashboard.model,PipelineStageType,17,106,1,3,1,5,2,5,1,4
com.capitalone.dashboard:core,com.capitalone.dashboard.model,QCloudSubNetwork,30,129,4,0,6,24,5,3,3,3
com.capitalone.dashboard:core,com.capitalone.dashboard.model,QFeatureHistory,134,0,4,0,28,0,8,0,6,0
com.capitalone.dashboard:core,com.capitalone.dashboard.model,CloudVirtualNetwork,95,0,4,0,32,0,22,0,20,0
com.capitalone.dashboard:core,com.capitalone.dashboard.model,QCloudVolumeStorage,30,92,4,0,6,18,5,3,3,3
com.capitalone.dashboard:core,com.capitalone.dashboard.model,QScope,32,103,6,2,6,18,7,3,3,3
com.capitalone.dashboard:core,com.capitalone.dashboard.model,QCodeQuality,32,95,6,2,6,16,7,3,3,3
com.capitalone.dashboard:core,com.capitalone.dashboard.model,CloudSubNetwork,144,0,4,0,53,0,36,0,34,0
com.capitalone.dashboard:core,com.capitalone.dashboard.model,QCloudInstance,30,208,4,0,6,40,5,3,3,3
com.capitalone.dashboard:core,com.capitalone.dashboard.model,QSCM,56,121,0,0,2,14,1,3,1,3
com.capitalone.dashboard:core,com.capitalone.dashboard.model,CodeQualityType,81,0,4,0,11,0,8,0,6,0
com.capitalone.dashboard:core,com.capitalone.dashboard.response,CloudVirtualNetworkAggregatedResponse,3,0,0,0,1,0,1,0,1,0
com.capitalone.dashboard:core,com.capitalone.dashboard.response,CloudSubNetworkAggregatedResponse,3,0,0,0,1,0,1,0,1,0
com.capitalone.dashboard:core,com.capitalone.dashboard.response,CloudVolumeAggregatedResponse,45,0,0,0,19,0,13,0,13,0
com.capitalone.dashboard:core,com.capitalone.dashboard.misc,HygieiaException,41,0,0,0,12,0,5,0,5,0
com.capitalone.dashboard:core,com.capitalone.dashboard.event,BuildEventListener,347,0,36,0,74,0,29,0,11,0
com.capitalone.dashboard:core,com.capitalone.dashboard.event,EnvironmentComponentEventListener.ToCollectorId,6,0,0,0,2,0,2,0,2,0
com.capitalone.dashboard:core,com.capitalone.dashboard.event,CommitEventListener,4,96,2,6,0,25,2,8,0,6
com.capitalone.dashboard:core,com.capitalone.dashboard.event,HygieiaMongoEventListener,30,57,4,2,8,16,4,5,1,5
com.capitalone.dashboard:core,com.capitalone.dashboard.event,DashboardEventListener,96,0,6,0,25,0,8,0,5,0
com.capitalone.dashboard:core,com.capitalone.dashboard.event,EnvironmentComponentEventListener,354,0,42,0,78,0,28,0,7,0
